2020-12-30 14:32:51.327  INFO 13336 --- [main] c.e.u.c.SecondUserCenterApplication      : No active profile set, falling back to default profiles: default
2020-12-30 14:32:52.234  INFO 13336 --- [main] .s.d.r.c.RepositoryConfigurationDelegate : Multiple Spring Data modules found, entering strict repository configuration mode!
2020-12-30 14:32:52.236  INFO 13336 --- [main] .s.d.r.c.RepositoryConfigurationDelegate : Bootstrapping Spring Data repositories in DEFAULT mode.
2020-12-30 14:32:52.293  INFO 13336 --- [main] .s.d.r.c.RepositoryConfigurationDelegate : Finished Spring Data repository scanning in 40ms. Found 0 repository interfaces.
2020-12-30 14:32:52.442  WARN 13336 --- [main] o.m.s.mapper.ClassPathMapperScanner      : No MyBatis mapper was found in '[com.example.user.center.dao]' package. Please check your configuration.
2020-12-30 14:32:52.444  WARN 13336 --- [main] o.m.s.mapper.ClassPathMapperScanner      : No MyBatis mapper was found in '[com.example.user.center.manual.dao]' package. Please check your configuration.
2020-12-30 14:32:52.573  INFO 13336 --- [main] o.s.cloud.context.scope.GenericScope     : BeanFactory id=f3d9381d-823f-375f-a83b-78a8b8cd59f9
2020-12-30 14:32:52.612  INFO 13336 --- [main] trationDelegate$BeanPostProcessorChecker : Bean 'org.springframework.amqp.rabbit.annotation.RabbitBootstrapConfiguration' of type [org.springframework.amqp.rabbit.annotation.RabbitBootstrapConfiguration$$EnhancerBySpringCGLIB$$ef08a80f] is not eligible for getting processed by all BeanPostProcessors (for example: not eligible for auto-proxying)
2020-12-30 14:32:52.661  INFO 13336 --- [main] trationDelegate$BeanPostProcessorChecker : Bean 'org.springframework.transaction.annotation.ProxyTransactionManagementConfiguration' of type [org.springframework.transaction.annotation.ProxyTransactionManagementConfiguration$$EnhancerBySpringCGLIB$$289ce9e1] is not eligible for getting processed by all BeanPostProcessors (for example: not eligible for auto-proxying)
2020-12-30 14:32:52.694  INFO 13336 --- [main] trationDelegate$BeanPostProcessorChecker : Bean 'org.springframework.security.config.annotation.configuration.ObjectPostProcessorConfiguration' of type [org.springframework.security.config.annotation.configuration.ObjectPostProcessorConfiguration$$EnhancerBySpringCGLIB$$c14ab21b] is not eligible for getting processed by all BeanPostProcessors (for example: not eligible for auto-proxying)
2020-12-30 14:32:52.699  INFO 13336 --- [main] trationDelegate$BeanPostProcessorChecker : Bean 'objectPostProcessor' of type [org.springframework.security.config.annotation.configuration.AutowireBeanFactoryObjectPostProcessor] is not eligible for getting processed by all BeanPostProcessors (for example: not eligible for auto-proxying)
2020-12-30 14:32:52.701  INFO 13336 --- [main] trationDelegate$BeanPostProcessorChecker : Bean 'org.springframework.security.access.expression.method.DefaultMethodSecurityExpressionHandler@2a5abd3c' of type [org.springframework.security.access.expression.method.DefaultMethodSecurityExpressionHandler] is not eligible for getting processed by all BeanPostProcessors (for example: not eligible for auto-proxying)
2020-12-30 14:32:52.704  INFO 13336 --- [main] trationDelegate$BeanPostProcessorChecker : Bean 'org.springframework.security.config.annotation.method.configuration.GlobalMethodSecurityConfiguration' of type [org.springframework.security.config.annotation.method.configuration.GlobalMethodSecurityConfiguration$$EnhancerBySpringCGLIB$$e61f54cd] is not eligible for getting processed by all BeanPostProcessors (for example: not eligible for auto-proxying)
2020-12-30 14:32:52.708  INFO 13336 --- [main] trationDelegate$BeanPostProcessorChecker : Bean 'methodSecurityMetadataSource' of type [org.springframework.security.access.method.DelegatingMethodSecurityMetadataSource] is not eligible for getting processed by all BeanPostProcessors (for example: not eligible for auto-proxying)
2020-12-30 14:32:52.723  INFO 13336 --- [main] trationDelegate$BeanPostProcessorChecker : Bean 'org.springframework.cloud.autoconfigure.ConfigurationPropertiesRebinderAutoConfiguration' of type [org.springframework.cloud.autoconfigure.ConfigurationPropertiesRebinderAutoConfiguration$$EnhancerBySpringCGLIB$$44b6ecde] is not eligible for getting processed by all BeanPostProcessors (for example: not eligible for auto-proxying)
2020-12-30 14:32:53.038  INFO 13336 --- [main] o.s.b.w.embedded.tomcat.TomcatWebServer  : Tomcat initialized with port(s): 7004 (http)
2020-12-30 14:32:53.061  INFO 13336 --- [main] o.apache.catalina.core.StandardService   : Starting service [Tomcat]
2020-12-30 14:32:53.062  INFO 13336 --- [main] org.apache.catalina.core.StandardEngine  : Starting Servlet engine: [Apache Tomcat/9.0.16]
2020-12-30 14:32:53.068  INFO 13336 --- [main] o.a.catalina.core.AprLifecycleListener   : The APR based Apache Tomcat Native library which allows optimal performance in production environments was not found on the java.library.path: [C:\Program Files\Java\jdk-11.0.6\bin;C:\WINDOWS\Sun\Java\bin;C:\WINDOWS\system32;C:\WINDOWS;C:\Program Files (x86)\Common Files\Oracle\Java\javapath;C:\WINDOWS\system32;C:\WINDOWS;C:\WINDOWS\System32\Wbem;C:\WINDOWS\System32\WindowsPowerShell\v1.0\;C:\WINDOWS\System32\OpenSSH\;C:\Program Files\Git\cmd;C:\Program Files\Java\jdk1.8.0_212\bin;C:\Program Files\Java\jdk1.8.0_212\jre\bin;D:\nodejs\;C:\Users\MACHENIKE\AppData\Local\Microsoft\WindowsApps;C:\Users\MACHENIKE\AppData\Roaming\npm;D:\Microsoft VS Code\bin;.]
2020-12-30 14:32:53.339  INFO 13336 --- [main] o.a.c.c.C.[Tomcat].[localhost].[/user]   : Initializing Spring embedded WebApplicationContext
2020-12-30 14:32:53.339  INFO 13336 --- [main] o.s.web.context.ContextLoader            : Root WebApplicationContext: initialization completed in 1991 ms
2020-12-30 14:32:53.844  INFO 13336 --- [main] c.e.u.c.config.RedisCacheConfiguration   : JedisPool注入成功！！
2020-12-30 14:32:53.844  INFO 13336 --- [main] c.e.u.c.config.RedisCacheConfiguration   : redis地址：39.100.237.144:16379
2020-12-30 14:32:53.905  INFO 13336 --- [main] pertySourcedRequestMappingHandlerMapping : Mapped URL path [/v2/api-docs] onto method [public org.springframework.http.ResponseEntity<springfox.documentation.spring.web.json.Json> springfox.documentation.swagger2.web.Swagger2Controller.getDocumentation(java.lang.String,javax.servlet.http.HttpServletRequest)]
2020-12-30 14:32:53.993  WARN 13336 --- [main] c.n.c.sources.URLConfigurationSource     : No URLs will be polled as dynamic configuration sources.
2020-12-30 14:32:53.993  INFO 13336 --- [main] c.n.c.sources.URLConfigurationSource     : To enable URLs as dynamic configuration sources, define System property archaius.configurationSource.additionalUrls or make config.properties available on classpath.
2020-12-30 14:32:53.996  WARN 13336 --- [main] c.n.c.sources.URLConfigurationSource     : No URLs will be polled as dynamic configuration sources.
2020-12-30 14:32:53.997  INFO 13336 --- [main] c.n.c.sources.URLConfigurationSource     : To enable URLs as dynamic configuration sources, define System property archaius.configurationSource.additionalUrls or make config.properties available on classpath.
2020-12-30 14:32:54.097  INFO 13336 --- [main] o.s.s.concurrent.ThreadPoolTaskExecutor  : Initializing ExecutorService 'applicationTaskExecutor'
2020-12-30 14:32:54.988  INFO 13336 --- [main] o.s.s.web.DefaultSecurityFilterChain     : Creating filter chain: Ant [pattern='/index.html'], []
2020-12-30 14:32:54.989  INFO 13336 --- [main] o.s.s.web.DefaultSecurityFilterChain     : Creating filter chain: Ant [pattern='/static/**'], []
2020-12-30 14:32:54.989  INFO 13336 --- [main] o.s.s.web.DefaultSecurityFilterChain     : Creating filter chain: Ant [pattern='/login_p'], []
2020-12-30 14:32:54.989  INFO 13336 --- [main] o.s.s.web.DefaultSecurityFilterChain     : Creating filter chain: Ant [pattern='/favicon.ico'], []
2020-12-30 14:32:54.989  INFO 13336 --- [main] o.s.s.web.DefaultSecurityFilterChain     : Creating filter chain: Ant [pattern='/swagger-ui.html'], []
2020-12-30 14:32:54.989  INFO 13336 --- [main] o.s.s.web.DefaultSecurityFilterChain     : Creating filter chain: Ant [pattern='/swagger-resources/**'], []
2020-12-30 14:32:54.989  INFO 13336 --- [main] o.s.s.web.DefaultSecurityFilterChain     : Creating filter chain: Ant [pattern='/images/**'], []
2020-12-30 14:32:54.989  INFO 13336 --- [main] o.s.s.web.DefaultSecurityFilterChain     : Creating filter chain: Ant [pattern='/webjars/**'], []
2020-12-30 14:32:54.989  INFO 13336 --- [main] o.s.s.web.DefaultSecurityFilterChain     : Creating filter chain: Ant [pattern='/v2/api-docs'], []
2020-12-30 14:32:54.989  INFO 13336 --- [main] o.s.s.web.DefaultSecurityFilterChain     : Creating filter chain: Ant [pattern='/configuration/ui'], []
2020-12-30 14:32:54.989  INFO 13336 --- [main] o.s.s.web.DefaultSecurityFilterChain     : Creating filter chain: Ant [pattern='/configuration/security'], []
2020-12-30 14:32:54.989  INFO 13336 --- [main] o.s.s.web.DefaultSecurityFilterChain     : Creating filter chain: Ant [pattern='/MiniLoginController/**'], []
2020-12-30 14:32:54.990  INFO 13336 --- [main] o.s.s.web.DefaultSecurityFilterChain     : Creating filter chain: Ant [pattern='/**/**'], []
2020-12-30 14:32:54.990  INFO 13336 --- [main] o.s.s.web.DefaultSecurityFilterChain     : Creating filter chain: Ant [pattern='/**', OPTIONS], []
2020-12-30 14:32:55.021  INFO 13336 --- [main] o.s.s.web.DefaultSecurityFilterChain     : Creating filter chain: any request, [org.springframework.security.web.context.request.async.WebAsyncManagerIntegrationFilter@25e24908, org.springframework.security.web.context.SecurityContextPersistenceFilter@7c0a6f62, org.springframework.security.web.header.HeaderWriterFilter@2c51c756, org.springframework.security.web.authentication.logout.LogoutFilter@15bcecf9, org.springframework.security.web.authentication.UsernamePasswordAuthenticationFilter@67372d20, org.springframework.security.web.authentication.ui.DefaultLoginPageGeneratingFilter@4c6eaa65, org.springframework.security.web.authentication.ui.DefaultLogoutPageGeneratingFilter@2941631f, org.springframework.security.web.authentication.www.BasicAuthenticationFilter@22ea6051, org.springframework.security.web.savedrequest.RequestCacheAwareFilter@58fbfefb, org.springframework.security.web.servletapi.SecurityContextHolderAwareRequestFilter@4feaa4b8, org.springframework.security.web.authentication.AnonymousAuthenticationFilter@6130a6f5, org.springframework.security.web.session.SessionManagementFilter@1ddc889b, org.springframework.security.web.access.ExceptionTranslationFilter@77648321, org.springframework.security.web.access.intercept.FilterSecurityInterceptor@4930213b]
2020-12-30 14:32:55.039  INFO 13336 --- [main] o.s.s.c.ThreadPoolTaskScheduler          : Initializing ExecutorService 'taskScheduler'
2020-12-30 14:32:55.757  INFO 13336 --- [main] o.s.c.n.eureka.InstanceInfoFactory       : Setting initial instance status as: STARTING
2020-12-30 14:32:55.793  INFO 13336 --- [main] com.netflix.discovery.DiscoveryClient    : Initializing Eureka in region us-east-1
2020-12-30 14:32:55.947  INFO 13336 --- [main] c.n.d.provider.DiscoveryJerseyProvider   : Using JSON encoding codec LegacyJacksonJson
2020-12-30 14:32:55.948  INFO 13336 --- [main] c.n.d.provider.DiscoveryJerseyProvider   : Using JSON decoding codec LegacyJacksonJson
2020-12-30 14:32:56.098  INFO 13336 --- [main] c.n.d.provider.DiscoveryJerseyProvider   : Using XML encoding codec XStreamXml
2020-12-30 14:32:56.098  INFO 13336 --- [main] c.n.d.provider.DiscoveryJerseyProvider   : Using XML decoding codec XStreamXml
2020-12-30 14:32:56.234  INFO 13336 --- [main] c.n.d.s.r.aws.ConfigClusterResolver      : Resolving eureka endpoints via configuration
2020-12-30 14:32:56.402  INFO 13336 --- [main] com.netflix.discovery.DiscoveryClient    : Disable delta property : false
2020-12-30 14:32:56.402  INFO 13336 --- [main] com.netflix.discovery.DiscoveryClient    : Single vip registry refresh property : null
2020-12-30 14:32:56.402  INFO 13336 --- [main] com.netflix.discovery.DiscoveryClient    : Force full registry fetch : false
2020-12-30 14:32:56.402  INFO 13336 --- [main] com.netflix.discovery.DiscoveryClient    : Application is null : false
2020-12-30 14:32:56.402  INFO 13336 --- [main] com.netflix.discovery.DiscoveryClient    : Registered Applications size is zero : true
2020-12-30 14:32:56.402  INFO 13336 --- [main] com.netflix.discovery.DiscoveryClient    : Application version is -1: true
2020-12-30 14:32:56.402  INFO 13336 --- [main] com.netflix.discovery.DiscoveryClient    : Getting all instance registry info from the eureka server
2020-12-30 14:32:56.569  INFO 13336 --- [main] com.netflix.discovery.DiscoveryClient    : The response status is 200
2020-12-30 14:32:56.572  INFO 13336 --- [main] com.netflix.discovery.DiscoveryClient    : Starting heartbeat executor: renew interval is: 30
2020-12-30 14:32:56.575  INFO 13336 --- [main] c.n.discovery.InstanceInfoReplicator     : InstanceInfoReplicator onDemand update allowed rate per min is 4
2020-12-30 14:32:56.580  INFO 13336 --- [main] com.netflix.discovery.DiscoveryClient    : Discovery Client initialized at timestamp 1609309976578 with initial instances count: 1
2020-12-30 14:32:56.583  INFO 13336 --- [main] o.s.c.n.e.s.EurekaServiceRegistry        : Registering application user-center with eureka with status UP
2020-12-30 14:32:56.584  INFO 13336 --- [main] com.netflix.discovery.DiscoveryClient    : Saw local status change event StatusChangeEvent [timestamp=1609309976584, current=UP, previous=STARTING]
2020-12-30 14:32:56.586  INFO 13336 --- [DiscoveryClient-InstanceInfoReplicator-0] com.netflix.discovery.DiscoveryClient    : DiscoveryClient_USER-CENTER/DESKTOP-E4IRNU3:user-center:7004: registering service...
2020-12-30 14:32:56.590  INFO 13336 --- [main] d.s.w.p.DocumentationPluginsBootstrapper : Context refreshed
2020-12-30 14:32:56.608  INFO 13336 --- [main] d.s.w.p.DocumentationPluginsBootstrapper : Found 1 custom documentation plugin(s)
2020-12-30 14:32:56.632  INFO 13336 --- [DiscoveryClient-InstanceInfoReplicator-0] com.netflix.discovery.DiscoveryClient    : DiscoveryClient_USER-CENTER/DESKTOP-E4IRNU3:user-center:7004 - registration status: 204
2020-12-30 14:32:56.644  INFO 13336 --- [main] s.d.s.w.s.ApiListingReferenceScanner     : Scanning for api listing references
2020-12-30 14:32:56.700  INFO 13336 --- [main] o.s.b.w.embedded.tomcat.TomcatWebServer  : Tomcat started on port(s): 7004 (http) with context path '/user'
2020-12-30 14:32:56.703  INFO 13336 --- [main] c.e.u.c.SecondUserCenterApplication      : Started SecondUserCenterApplication in 6.405 seconds (JVM running for 9.19)
2020-12-30 14:35:42.417  INFO 2640 --- [main] c.e.p.c.SecondProductCenterApplication   : No active profile set, falling back to default profiles: default
2020-12-30 14:35:43.027  WARN 2640 --- [main] ConfigServletWebServerApplicationContext : Exception encountered during context initialization - cancelling refresh attempt: org.springframework.beans.factory.BeanDefinitionStoreException: Failed to parse configuration class [com.example.product.center.SecondProductCenterApplication]; nested exception is java.io.FileNotFoundException: class path resource [com/second/utils/response/handler/GlobalExceptionHandler.class] cannot be opened because it does not exist
2020-12-30 14:35:43.029  INFO 2640 --- [main] ConditionEvaluationReportLoggingListener : 

Error starting ApplicationContext. To display the conditions report re-run your application with 'debug' enabled.
2020-12-30 14:35:43.041 ERROR 2640 --- [main] o.s.boot.SpringApplication               : Application run failed

org.springframework.beans.factory.BeanDefinitionStoreException: Failed to parse configuration class [com.example.product.center.SecondProductCenterApplication]; nested exception is java.io.FileNotFoundException: class path resource [com/second/utils/response/handler/GlobalExceptionHandler.class] cannot be opened because it does not exist
	at org.springframework.context.annotation.ConfigurationClassParser.parse(ConfigurationClassParser.java:181) ~[spring-context-5.1.5.RELEASE.jar:5.1.5.RELEASE]
	at org.springframework.context.annotation.ConfigurationClassPostProcessor.processConfigBeanDefinitions(ConfigurationClassPostProcessor.java:315) ~[spring-context-5.1.5.RELEASE.jar:5.1.5.RELEASE]
	at org.springframework.context.annotation.ConfigurationClassPostProcessor.postProcessBeanDefinitionRegistry(ConfigurationClassPostProcessor.java:232) ~[spring-context-5.1.5.RELEASE.jar:5.1.5.RELEASE]
	at org.springframework.context.support.PostProcessorRegistrationDelegate.invokeBeanDefinitionRegistryPostProcessors(PostProcessorRegistrationDelegate.java:275) ~[spring-context-5.1.5.RELEASE.jar:5.1.5.RELEASE]
	at org.springframework.context.support.PostProcessorRegistrationDelegate.invokeBeanFactoryPostProcessors(PostProcessorRegistrationDelegate.java:95) ~[spring-context-5.1.5.RELEASE.jar:5.1.5.RELEASE]
	at org.springframework.context.support.AbstractApplicationContext.invokeBeanFactoryPostProcessors(AbstractApplicationContext.java:705) ~[spring-context-5.1.5.RELEASE.jar:5.1.5.RELEASE]
	at org.springframework.context.support.AbstractApplicationContext.refresh(AbstractApplicationContext.java:531) ~[spring-context-5.1.5.RELEASE.jar:5.1.5.RELEASE]
	at org.springframework.boot.web.servlet.context.ServletWebServerApplicationContext.refresh(ServletWebServerApplicationContext.java:142) ~[spring-boot-2.1.3.RELEASE.jar:2.1.3.RELEASE]
	at org.springframework.boot.SpringApplication.refresh(SpringApplication.java:775) ~[spring-boot-2.1.3.RELEASE.jar:2.1.3.RELEASE]
	at org.springframework.boot.SpringApplication.refreshContext(SpringApplication.java:397) ~[spring-boot-2.1.3.RELEASE.jar:2.1.3.RELEASE]
	at org.springframework.boot.SpringApplication.run(SpringApplication.java:316) ~[spring-boot-2.1.3.RELEASE.jar:2.1.3.RELEASE]
	at org.springframework.boot.SpringApplication.run(SpringApplication.java:1260) ~[spring-boot-2.1.3.RELEASE.jar:2.1.3.RELEASE]
	at org.springframework.boot.SpringApplication.run(SpringApplication.java:1248) ~[spring-boot-2.1.3.RELEASE.jar:2.1.3.RELEASE]
	at com.example.product.center.SecondProductCenterApplication.main(SecondProductCenterApplication.java:25) ~[classes/:na]
Caused by: java.io.FileNotFoundException: class path resource [com/second/utils/response/handler/GlobalExceptionHandler.class] cannot be opened because it does not exist
	at org.springframework.core.io.ClassPathResource.getInputStream(ClassPathResource.java:180) ~[spring-core-5.1.5.RELEASE.jar:5.1.5.RELEASE]
	at org.springframework.core.type.classreading.SimpleMetadataReader.<init>(SimpleMetadataReader.java:51) ~[spring-core-5.1.5.RELEASE.jar:5.1.5.RELEASE]
	at org.springframework.core.type.classreading.SimpleMetadataReaderFactory.getMetadataReader(SimpleMetadataReaderFactory.java:103) ~[spring-core-5.1.5.RELEASE.jar:5.1.5.RELEASE]
	at org.springframework.boot.type.classreading.ConcurrentReferenceCachingMetadataReaderFactory.createMetadataReader(ConcurrentReferenceCachingMetadataReaderFactory.java:88) ~[spring-boot-2.1.3.RELEASE.jar:2.1.3.RELEASE]
	at org.springframework.boot.type.classreading.ConcurrentReferenceCachingMetadataReaderFactory.getMetadataReader(ConcurrentReferenceCachingMetadataReaderFactory.java:75) ~[spring-boot-2.1.3.RELEASE.jar:2.1.3.RELEASE]
	at org.springframework.core.type.classreading.SimpleMetadataReaderFactory.getMetadataReader(SimpleMetadataReaderFactory.java:81) ~[spring-core-5.1.5.RELEASE.jar:5.1.5.RELEASE]
	at org.springframework.context.annotation.ConfigurationClassParser.asSourceClass(ConfigurationClassParser.java:685) ~[spring-context-5.1.5.RELEASE.jar:5.1.5.RELEASE]
	at org.springframework.context.annotation.ConfigurationClassParser$SourceClass.getSuperClass(ConfigurationClassParser.java:998) ~[spring-context-5.1.5.RELEASE.jar:5.1.5.RELEASE]
	at org.springframework.context.annotation.ConfigurationClassParser.doProcessConfigurationClass(ConfigurationClassParser.java:332) ~[spring-context-5.1.5.RELEASE.jar:5.1.5.RELEASE]
	at org.springframework.context.annotation.ConfigurationClassParser.processConfigurationClass(ConfigurationClassParser.java:242) ~[spring-context-5.1.5.RELEASE.jar:5.1.5.RELEASE]
	at org.springframework.context.annotation.ConfigurationClassParser.parse(ConfigurationClassParser.java:191) ~[spring-context-5.1.5.RELEASE.jar:5.1.5.RELEASE]
	at org.springframework.context.annotation.ConfigurationClassParser.doProcessConfigurationClass(ConfigurationClassParser.java:295) ~[spring-context-5.1.5.RELEASE.jar:5.1.5.RELEASE]
	at org.springframework.context.annotation.ConfigurationClassParser.processConfigurationClass(ConfigurationClassParser.java:242) ~[spring-context-5.1.5.RELEASE.jar:5.1.5.RELEASE]
	at org.springframework.context.annotation.ConfigurationClassParser.parse(ConfigurationClassParser.java:199) ~[spring-context-5.1.5.RELEASE.jar:5.1.5.RELEASE]
	at org.springframework.context.annotation.ConfigurationClassParser.parse(ConfigurationClassParser.java:167) ~[spring-context-5.1.5.RELEASE.jar:5.1.5.RELEASE]
	... 13 common frames omitted

2020-12-30 14:37:56.406  INFO 13336 --- [AsyncResolver-bootstrap-executor-0] c.n.d.s.r.aws.ConfigClusterResolver      : Resolving eureka endpoints via configuration
2020-12-30 14:42:56.408  INFO 13336 --- [AsyncResolver-bootstrap-executor-0] c.n.d.s.r.aws.ConfigClusterResolver      : Resolving eureka endpoints via configuration
2020-12-30 14:44:34.337  INFO 6872 --- [main] c.e.a.c.SecondProductCenterApplication   : No active profile set, falling back to default profiles: default
2020-12-30 14:44:35.226  INFO 6872 --- [main] .s.d.r.c.RepositoryConfigurationDelegate : Multiple Spring Data modules found, entering strict repository configuration mode!
2020-12-30 14:44:35.230  INFO 6872 --- [main] .s.d.r.c.RepositoryConfigurationDelegate : Bootstrapping Spring Data repositories in DEFAULT mode.
2020-12-30 14:44:35.254  INFO 6872 --- [main] .s.d.r.c.RepositoryConfigurationDelegate : Finished Spring Data repository scanning in 11ms. Found 0 repository interfaces.
2020-12-30 14:44:35.423  WARN 6872 --- [main] o.m.s.mapper.ClassPathMapperScanner      : No MyBatis mapper was found in '[com.example.admin.center]' package. Please check your configuration.
2020-12-30 14:44:35.548  INFO 6872 --- [main] o.s.cloud.context.scope.GenericScope     : BeanFactory id=8a4cfa47-2fc7-3273-a3a6-04c25d7f5e59
2020-12-30 14:44:35.592  INFO 6872 --- [main] trationDelegate$BeanPostProcessorChecker : Bean 'org.springframework.amqp.rabbit.annotation.RabbitBootstrapConfiguration' of type [org.springframework.amqp.rabbit.annotation.RabbitBootstrapConfiguration$$EnhancerBySpringCGLIB$$e6e36e16] is not eligible for getting processed by all BeanPostProcessors (for example: not eligible for auto-proxying)
2020-12-30 14:44:35.658  INFO 6872 --- [main] trationDelegate$BeanPostProcessorChecker : Bean 'org.springframework.transaction.annotation.ProxyTransactionManagementConfiguration' of type [org.springframework.transaction.annotation.ProxyTransactionManagementConfiguration$$EnhancerBySpringCGLIB$$2077afe8] is not eligible for getting processed by all BeanPostProcessors (for example: not eligible for auto-proxying)
2020-12-30 14:44:35.692  INFO 6872 --- [main] trationDelegate$BeanPostProcessorChecker : Bean 'org.springframework.cloud.autoconfigure.ConfigurationPropertiesRebinderAutoConfiguration' of type [org.springframework.cloud.autoconfigure.ConfigurationPropertiesRebinderAutoConfiguration$$EnhancerBySpringCGLIB$$3c91b2e5] is not eligible for getting processed by all BeanPostProcessors (for example: not eligible for auto-proxying)
2020-12-30 14:44:36.026  INFO 6872 --- [main] o.s.b.w.embedded.tomcat.TomcatWebServer  : Tomcat initialized with port(s): 7002 (http)
2020-12-30 14:44:36.057  INFO 6872 --- [main] o.apache.catalina.core.StandardService   : Starting service [Tomcat]
2020-12-30 14:44:36.058  INFO 6872 --- [main] org.apache.catalina.core.StandardEngine  : Starting Servlet engine: [Apache Tomcat/9.0.16]
2020-12-30 14:44:36.067  INFO 6872 --- [main] o.a.catalina.core.AprLifecycleListener   : The APR based Apache Tomcat Native library which allows optimal performance in production environments was not found on the java.library.path: [C:\Program Files\Java\jdk-11.0.6\bin;C:\WINDOWS\Sun\Java\bin;C:\WINDOWS\system32;C:\WINDOWS;C:\Program Files (x86)\Common Files\Oracle\Java\javapath;C:\WINDOWS\system32;C:\WINDOWS;C:\WINDOWS\System32\Wbem;C:\WINDOWS\System32\WindowsPowerShell\v1.0\;C:\WINDOWS\System32\OpenSSH\;C:\Program Files\Git\cmd;C:\Program Files\Java\jdk1.8.0_212\bin;C:\Program Files\Java\jdk1.8.0_212\jre\bin;D:\nodejs\;C:\Users\MACHENIKE\AppData\Local\Microsoft\WindowsApps;C:\Users\MACHENIKE\AppData\Roaming\npm;D:\Microsoft VS Code\bin;.]
2020-12-30 14:44:36.405  INFO 6872 --- [main] o.a.c.c.C.[.[localhost].[/product]       : Initializing Spring embedded WebApplicationContext
2020-12-30 14:44:36.406  INFO 6872 --- [main] o.s.web.context.ContextLoader            : Root WebApplicationContext: initialization completed in 2054 ms
2020-12-30 14:44:36.866  INFO 6872 --- [main] pertySourcedRequestMappingHandlerMapping : Mapped URL path [/v2/api-docs] onto method [public org.springframework.http.ResponseEntity<springfox.documentation.spring.web.json.Json> springfox.documentation.swagger2.web.Swagger2Controller.getDocumentation(java.lang.String,javax.servlet.http.HttpServletRequest)]
2020-12-30 14:44:36.972  WARN 6872 --- [main] c.n.c.sources.URLConfigurationSource     : No URLs will be polled as dynamic configuration sources.
2020-12-30 14:44:36.973  INFO 6872 --- [main] c.n.c.sources.URLConfigurationSource     : To enable URLs as dynamic configuration sources, define System property archaius.configurationSource.additionalUrls or make config.properties available on classpath.
2020-12-30 14:44:36.977  WARN 6872 --- [main] c.n.c.sources.URLConfigurationSource     : No URLs will be polled as dynamic configuration sources.
2020-12-30 14:44:36.977  INFO 6872 --- [main] c.n.c.sources.URLConfigurationSource     : To enable URLs as dynamic configuration sources, define System property archaius.configurationSource.additionalUrls or make config.properties available on classpath.
2020-12-30 14:44:37.085  INFO 6872 --- [main] o.s.s.concurrent.ThreadPoolTaskExecutor  : Initializing ExecutorService 'applicationTaskExecutor'
2020-12-30 14:44:37.797  INFO 6872 --- [main] o.s.s.c.ThreadPoolTaskScheduler          : Initializing ExecutorService 'taskScheduler'
2020-12-30 14:44:38.481  INFO 6872 --- [main] o.s.c.n.eureka.InstanceInfoFactory       : Setting initial instance status as: STARTING
2020-12-30 14:44:38.507  INFO 6872 --- [main] com.netflix.discovery.DiscoveryClient    : Initializing Eureka in region us-east-1
2020-12-30 14:44:38.650  INFO 6872 --- [main] c.n.d.provider.DiscoveryJerseyProvider   : Using JSON encoding codec LegacyJacksonJson
2020-12-30 14:44:38.650  INFO 6872 --- [main] c.n.d.provider.DiscoveryJerseyProvider   : Using JSON decoding codec LegacyJacksonJson
2020-12-30 14:44:38.781  INFO 6872 --- [main] c.n.d.provider.DiscoveryJerseyProvider   : Using XML encoding codec XStreamXml
2020-12-30 14:44:38.781  INFO 6872 --- [main] c.n.d.provider.DiscoveryJerseyProvider   : Using XML decoding codec XStreamXml
2020-12-30 14:44:38.922  INFO 6872 --- [main] c.n.d.s.r.aws.ConfigClusterResolver      : Resolving eureka endpoints via configuration
2020-12-30 14:44:39.083  INFO 6872 --- [main] com.netflix.discovery.DiscoveryClient    : Disable delta property : false
2020-12-30 14:44:39.083  INFO 6872 --- [main] com.netflix.discovery.DiscoveryClient    : Single vip registry refresh property : null
2020-12-30 14:44:39.083  INFO 6872 --- [main] com.netflix.discovery.DiscoveryClient    : Force full registry fetch : false
2020-12-30 14:44:39.083  INFO 6872 --- [main] com.netflix.discovery.DiscoveryClient    : Application is null : false
2020-12-30 14:44:39.083  INFO 6872 --- [main] com.netflix.discovery.DiscoveryClient    : Registered Applications size is zero : true
2020-12-30 14:44:39.083  INFO 6872 --- [main] com.netflix.discovery.DiscoveryClient    : Application version is -1: true
2020-12-30 14:44:39.083  INFO 6872 --- [main] com.netflix.discovery.DiscoveryClient    : Getting all instance registry info from the eureka server
2020-12-30 14:44:39.252  INFO 6872 --- [main] com.netflix.discovery.DiscoveryClient    : The response status is 200
2020-12-30 14:44:39.255  INFO 6872 --- [main] com.netflix.discovery.DiscoveryClient    : Starting heartbeat executor: renew interval is: 30
2020-12-30 14:44:39.258  INFO 6872 --- [main] c.n.discovery.InstanceInfoReplicator     : InstanceInfoReplicator onDemand update allowed rate per min is 4
2020-12-30 14:44:39.261  INFO 6872 --- [main] com.netflix.discovery.DiscoveryClient    : Discovery Client initialized at timestamp 1609310679261 with initial instances count: 2
2020-12-30 14:44:39.263  INFO 6872 --- [main] o.s.c.n.e.s.EurekaServiceRegistry        : Registering application product-center with eureka with status UP
2020-12-30 14:44:39.264  INFO 6872 --- [main] com.netflix.discovery.DiscoveryClient    : Saw local status change event StatusChangeEvent [timestamp=1609310679264, current=UP, previous=STARTING]
2020-12-30 14:44:39.267  INFO 6872 --- [DiscoveryClient-InstanceInfoReplicator-0] com.netflix.discovery.DiscoveryClient    : DiscoveryClient_PRODUCT-CENTER/DESKTOP-E4IRNU3:product-center:7002: registering service...
2020-12-30 14:44:39.272  INFO 6872 --- [main] d.s.w.p.DocumentationPluginsBootstrapper : Context refreshed
2020-12-30 14:44:39.285  INFO 6872 --- [main] d.s.w.p.DocumentationPluginsBootstrapper : Found 1 custom documentation plugin(s)
2020-12-30 14:44:39.311  INFO 6872 --- [DiscoveryClient-InstanceInfoReplicator-0] com.netflix.discovery.DiscoveryClient    : DiscoveryClient_PRODUCT-CENTER/DESKTOP-E4IRNU3:product-center:7002 - registration status: 204
2020-12-30 14:44:39.322  INFO 6872 --- [main] s.d.s.w.s.ApiListingReferenceScanner     : Scanning for api listing references
2020-12-30 14:44:39.385  INFO 6872 --- [main] o.s.b.w.embedded.tomcat.TomcatWebServer  : Tomcat started on port(s): 7002 (http) with context path '/product'
2020-12-30 14:44:39.388  INFO 6872 --- [main] c.e.a.c.SecondProductCenterApplication   : Started SecondProductCenterApplication in 6.602 seconds (JVM running for 7.819)
